<?xml version="1.0" encoding="UTF-8"?>
<!-- Generated by org.testng.reporters.JUnitReportReporter -->
<testsuite hostname="DESKTOP-AS5V1DM" failures="0" tests="9" name="tests.PurchaseProduct" time="21.308" errors="0" timestamp="2021-01-30T16:01:46 EET" skipped="0">
  <testcase classname="tests.PurchaseProduct" name="UserCanProceedToCheckout" time="2.780"/>
  <system-out/>
  <testcase classname="tests.PurchaseProduct" name="ValidateOrderInHistoryPage" time="2.608"/>
  <system-out/>
  <testcase classname="tests.PurchaseProduct" name="UserCanSelectResultedProduct" time="0.376"/>
  <system-out/>
  <testcase classname="tests.PurchaseProduct" name="UserCanProceedToAddress" time="2.139"/>
  <system-out/>
  <testcase classname="tests.PurchaseProduct" name="UserCanProceedToShipping" time="1.818"/>
  <system-out/>
  <testcase classname="tests.PurchaseProduct" name="UserCanProceedToPayment" time="2.583"/>
  <system-out/>
  <testcase classname="tests.PurchaseProduct" name="UserCanPayByBankWire" time="2.125"/>
  <system-out/>
  <testcase classname="tests.PurchaseProduct" name="UserCanConfirmOrder" time="2.450"/>
  <system-out/>
  <testcase classname="tests.PurchaseProduct" name="UserCanSelectBlousesMenu" time="4.429"/>
  <system-out/>
</testsuite> <!-- tests.PurchaseProduct -->
