<?xml version="1.0" encoding="UTF-8"?>
<!-- Generated by org.testng.reporters.JUnitReportReporter -->
<testsuite hostname="DESKTOP-AS5V1DM" failures="0" tests="3" name="tests.UserRegistrationTest" time="21.172" errors="0" timestamp="2021-01-30T16:01:46 EET" skipped="0">
  <testcase classname="tests.UserRegistrationTest" name="RegisteredUserCanSignIn" time="2.862"/>
  <system-out/>
  <testcase classname="tests.UserRegistrationTest" name="RegisteredUserCanSignOut" time="2.881"/>
  <system-out/>
  <testcase classname="tests.UserRegistrationTest" name="UserCanRegisterSuccessfully" time="15.429"/>
  <system-out/>
</testsuite> <!-- tests.UserRegistrationTest -->
