<?xml version="1.0" encoding="UTF-8"?>
<!-- Generated by org.testng.reporters.JUnitReportReporter -->
<testsuite hostname="DESKTOP-AS5V1DM" failures="0" tests="9" name="tests.SelectBlousesTest" time="25.337" errors="0" timestamp="2021-01-30T15:55:03 EET" skipped="0">
  <testcase classname="tests.SelectBlousesTest" name="UserCanPayByBankWire" time="1.575"/>
  <system-out/>
  <testcase classname="tests.SelectBlousesTest" name="UserCanProceedToShipping" time="2.346"/>
  <system-out/>
  <testcase classname="tests.SelectBlousesTest" name="UserCanSelectResultedProduct" time="0.361"/>
  <system-out/>
  <testcase classname="tests.SelectBlousesTest" name="ValidateOrderInHistoryPage" time="4.777"/>
  <system-out/>
  <testcase classname="tests.SelectBlousesTest" name="UserCanProceedToCheckout" time="2.718"/>
  <system-out/>
  <testcase classname="tests.SelectBlousesTest" name="UserCanProceedToAddress" time="3.292"/>
  <system-out/>
  <testcase classname="tests.SelectBlousesTest" name="UserCanConfirmOrder" time="2.867"/>
  <system-out/>
  <testcase classname="tests.SelectBlousesTest" name="UserCanProceedToPayment" time="2.693"/>
  <system-out/>
  <testcase classname="tests.SelectBlousesTest" name="UserCanSelectBlousesMenu" time="4.708"/>
  <system-out/>
</testsuite> <!-- tests.SelectBlousesTest -->
